<?xml version="1.0" encoding="UTF-8"?>
<testng-results ignored="0" total="1" passed="1" failed="0" skipped="0">
  <reporter-output>
    <line>
      <![CDATA[method 3 ]]>
    </line>
  </reporter-output>
  <suite started-at="2022-08-20T14:32:37 IST" name="Default suite" finished-at="2022-08-20T14:32:37 IST" duration-ms="41">
    <groups>
    </groups>
    <test started-at="2022-08-20T14:32:37 IST" name="Default test" finished-at="2022-08-20T14:32:37 IST" duration-ms="41">
      <class name="testNG.Sumo">
        <test-method signature="method3()[pri:0, instance:testNG.Sumo@2892dae4]" started-at="2022-08-20T14:32:37 IST" name="method3" finished-at="2022-08-20T14:32:37 IST" duration-ms="9" status="PASS">
          <reporter-output>
            <line>
              <![CDATA[method 3 ]]>
            </line>
          </reporter-output>
        </test-method> <!-- method3 -->
      </class> <!-- testNG.Sumo -->
    </test> <!-- Default test -->
  </suite> <!-- Default suite -->
</testng-results>
